0 info it worked if it ends with ok
1 verbose cli [ '/usr/local/bin/node',
1 verbose cli   '/usr/local/lib/node_modules/npm/bin/npm-cli.js',
1 verbose cli   'run',
1 verbose cli   'index' ]
2 info using npm@3.10.8
3 info using node@v6.8.1
4 verbose run-script [ 'preindex', 'index', 'postindex' ]
5 info lifecycle mere-plus@0.0.0~preindex: mere-plus@0.0.0
6 silly lifecycle mere-plus@0.0.0~preindex: no script for preindex, continuing
7 info lifecycle mere-plus@0.0.0~index: mere-plus@0.0.0
8 verbose lifecycle mere-plus@0.0.0~index: unsafe-perm in lifecycle true
9 verbose lifecycle mere-plus@0.0.0~index: PATH: /usr/local/lib/node_modules/npm/bin/node-gyp-bin:/home/user_nout/mere-plus/node_modules/.bin:/home/user_nout/jdk1.8.0_74/bin:/home/user_nout/mongodb/mongodb-linux-x86_64-3.2.9/bin:/usr/local/bin:/usr/bin:/bin:/usr/bin/X11:/usr/games:/home/user_nout/IDE/android-sdk/android-sdk-linux/platform-tools:/home/user_nout/IDE/android-sdk/android-sdk-linux/platform-tools:/home/user_nout/DoomMapGeneratorApp/src/launcher/node_modules/gulp:/usr/local/n/versions/node/6.8.1/bin/
10 verbose lifecycle mere-plus@0.0.0~index: CWD: /home/user_nout/mere-plus
11 silly lifecycle mere-plus@0.0.0~index: Args: [ '-c', 'node ./index.js' ]
12 silly lifecycle mere-plus@0.0.0~index: Returned: code: 1  signal: null
13 info lifecycle mere-plus@0.0.0~index: Failed to exec index script
14 verbose stack Error: mere-plus@0.0.0 index: `node ./index.js`
14 verbose stack Exit status 1
14 verbose stack     at EventEmitter.<anonymous> (/usr/local/lib/node_modules/npm/lib/utils/lifecycle.js:255:16)
14 verbose stack     at emitTwo (events.js:106:13)
14 verbose stack     at EventEmitter.emit (events.js:191:7)
14 verbose stack     at ChildProcess.<anonymous> (/usr/local/lib/node_modules/npm/lib/utils/spawn.js:40:14)
14 verbose stack     at emitTwo (events.js:106:13)
14 verbose stack     at ChildProcess.emit (events.js:191:7)
14 verbose stack     at maybeClose (internal/child_process.js:877:16)
14 verbose stack     at Process.ChildProcess._handle.onexit (internal/child_process.js:226:5)
15 verbose pkgid mere-plus@0.0.0
16 verbose cwd /home/user_nout/mere-plus
17 error Linux 4.1.34-33-default
18 error argv "/usr/local/bin/node" "/usr/local/lib/node_modules/npm/bin/npm-cli.js" "run" "index"
19 error node v6.8.1
20 error npm  v3.10.8
21 error code ELIFECYCLE
22 error mere-plus@0.0.0 index: `node ./index.js`
22 error Exit status 1
23 error Failed at the mere-plus@0.0.0 index script 'node ./index.js'.
23 error Make sure you have the latest version of node.js and npm installed.
23 error If you do, this is most likely a problem with the mere-plus package,
23 error not with npm itself.
23 error Tell the author that this fails on your system:
23 error     node ./index.js
23 error You can get information on how to open an issue for this project with:
23 error     npm bugs mere-plus
23 error Or if that isn't available, you can get their info via:
23 error     npm owner ls mere-plus
23 error There is likely additional logging output above.
24 verbose exit [ 1, true ]
